TN:
SF:index.ts
FNF:0
FNH:0
DA:2,1
DA:3,1
DA:4,1
DA:5,1
DA:6,1
DA:7,1
DA:8,1
DA:9,1
DA:10,1
DA:11,1
DA:14,1
DA:15,1
DA:16,1
DA:17,1
DA:18,1
DA:19,1
DA:20,1
DA:21,1
DA:22,1
DA:23,1
LF:20
LH:20
BRF:0
BRH:0
end_of_record
TN:
SF:request.ts
FN:41,create
FN:49,(anonymous_9)
FN:52,(anonymous_10)
FN:70,option
FN:80,(anonymous_13)
FN:83,(anonymous_14)
FNF:6
FNH:6
FNDA:2,create
FNDA:8,(anonymous_9)
FNDA:13,(anonymous_10)
FNDA:1,option
FNDA:1,(anonymous_13)
FNDA:2,(anonymous_14)
DA:2,1
DA:41,1
DA:43,2
DA:44,2
DA:45,2
DA:46,2
DA:47,2
DA:49,2
DA:50,8
DA:52,13
DA:59,2
DA:70,1
DA:80,1
DA:82,1
DA:84,2
LF:15
LH:15
BRDA:80,0,0,1
BRDA:80,0,1,1
BRF:2
BRH:2
end_of_record
TN:
SF:chains/algorand/index.ts
FN:19,getTokenBalance
FN:46,getUSDCBalance
FN:59,getGasBalance
FN:73,newRandomAddress
FNF:4
FNH:3
FNDA:1,getTokenBalance
FNDA:1,getUSDCBalance
FNDA:0,getGasBalance
FNDA:1,newRandomAddress
DA:10,1
DA:19,1
DA:21,1
DA:23,1
DA:46,1
DA:48,1
DA:59,1
DA:61,0
DA:63,0
DA:73,1
DA:78,1
DA:80,1
DA:82,1
LF:13
LH:11
BRF:0
BRH:0
end_of_record
TN:
SF:chains/avalanche/index.ts
FN:42,getTokenBalance
FN:61,(anonymous_9)
FN:86,getUSDCBalance
FN:99,getGasBalance
FN:113,newRandomAddress
FN:126,getAddressFromMnemonic
FN:134,isAddress
FN:149,buildUSDCTransfer
FNF:8
FNH:8
FNDA:4,getTokenBalance
FNDA:4,(anonymous_9)
FNDA:3,getUSDCBalance
FNDA:1,getGasBalance
FNDA:1,newRandomAddress
FNDA:3,getAddressFromMnemonic
FNDA:2,isAddress
FNDA:1,buildUSDCTransfer
DA:1,1
DA:7,1
DA:9,1
DA:11,1
DA:13,1
DA:17,1
DA:42,1
DA:44,4
DA:46,4
DA:48,4
DA:55,3
DA:57,3
DA:58,5
DA:61,4
DA:63,3
DA:65,2
DA:86,1
DA:88,3
DA:99,1
DA:101,1
DA:113,1
DA:115,1
DA:117,1
DA:126,1
DA:128,3
DA:134,1
DA:136,2
DA:149,1
DA:151,1
DA:153,1
DA:155,1
DA:157,1
DA:159,0
LF:33
LH:32
BRDA:63,0,0,1
BRDA:63,0,1,2
BRF:2
BRH:2
end_of_record
TN:
SF:chains/ethereum/erc20_abi.ts
FNF:0
FNH:0
DA:2,1
DA:225,1
LF:2
LH:2
BRF:0
BRH:0
end_of_record
TN:
SF:chains/ethereum/index.ts
FN:27,getTokenBalance
FN:46,(anonymous_9)
FN:72,getUSDCBalance
FN:85,getGasBalance
FN:100,newRandomAddress
FN:113,getAddressFromMnemonic
FN:121,isAddress
FN:136,buildUSDCTransfer
FN:155,sendSignedTransaction
FN:173,parseUSDCTransaction
FNF:10
FNH:9
FNDA:4,getTokenBalance
FNDA:8,(anonymous_9)
FNDA:3,getUSDCBalance
FNDA:1,getGasBalance
FNDA:1,newRandomAddress
FNDA:3,getAddressFromMnemonic
FNDA:2,isAddress
FNDA:1,buildUSDCTransfer
FNDA:0,sendSignedTransaction
FNDA:1,parseUSDCTransaction
DA:1,1
DA:14,1
DA:16,1
DA:18,1
DA:20,1
DA:27,1
DA:29,4
DA:31,4
DA:33,4
DA:40,4
DA:42,4
DA:43,16
DA:46,8
DA:48,4
DA:50,2
DA:72,1
DA:74,3
DA:85,1
DA:87,1
DA:100,1
DA:102,1
DA:104,1
DA:113,1
DA:115,3
DA:121,1
DA:123,2
DA:136,1
DA:138,1
DA:140,1
DA:142,1
DA:144,1
DA:146,1
DA:148,0
DA:155,1
DA:157,0
DA:173,1
DA:175,1
DA:177,1
DA:178,0
DA:181,1
DA:183,1
DA:185,1
DA:186,0
DA:189,1
DA:191,1
DA:201,1
DA:203,1
LF:47
LH:43
BRDA:48,0,0,2
BRDA:48,0,1,2
BRDA:177,1,0,0
BRDA:177,1,1,1
BRDA:185,2,0,0
BRDA:185,2,1,1
BRF:6
BRH:4
end_of_record
TN:
SF:chains/ethereum/test_data.ts
FNF:0
FNH:0
DA:2,1
DA:4,1
DA:8,1
DA:10,1
LF:4
LH:4
BRF:0
BRH:0
end_of_record
TN:
SF:chains/flow/index.ts
FN:9,getTokenBalance
FN:33,getUSDCBalance
FN:46,getGasBalance
FN:59,newRandomAddress
FNF:4
FNH:3
FNDA:1,getTokenBalance
FNDA:1,getUSDCBalance
FNDA:0,getGasBalance
FNDA:1,newRandomAddress
DA:9,1
DA:11,1
DA:13,1
DA:33,1
DA:35,1
DA:46,1
DA:48,0
DA:50,0
DA:59,1
DA:63,1
LF:10
LH:8
BRF:0
BRH:0
end_of_record
TN:
SF:chains/hedera/index.ts
FN:19,getTokenBalance
FN:43,getUSDCBalance
FN:56,getGasBalance
FN:64,newRandomAddress
FNF:4
FNH:3
FNDA:1,getTokenBalance
FNDA:1,getUSDCBalance
FNDA:0,getGasBalance
FNDA:1,newRandomAddress
DA:2,1
DA:19,1
DA:21,1
DA:23,1
DA:43,1
DA:45,1
DA:56,1
DA:58,0
DA:60,0
DA:64,1
DA:66,1
DA:68,1
DA:71,1
DA:75,1
DA:77,1
DA:78,1
DA:80,1
LF:17
LH:15
BRF:0
BRH:0
end_of_record
TN:
SF:chains/polygon/index.ts
FN:56,getTokenBalance
FN:81,(anonymous_9)
FN:100,getUSDCBalance
FN:113,getGasBalance
FN:128,newRandomAddress
FN:141,getAddressFromMnemonic
FN:150,isAddress
FN:165,buildUSDCTransfer
FNF:8
FNH:8
FNDA:4,getTokenBalance
FNDA:5,(anonymous_9)
FNDA:3,getUSDCBalance
FNDA:1,getGasBalance
FNDA:1,newRandomAddress
FNDA:4,getAddressFromMnemonic
FNDA:2,isAddress
FNDA:1,buildUSDCTransfer
DA:2,1
DA:17,1
DA:19,1
DA:21,1
DA:24,1
DA:26,1
DA:28,1
DA:30,1
DA:56,1
DA:70,4
DA:72,4
DA:74,4
DA:81,5
DA:83,4
DA:85,2
DA:100,1
DA:102,3
DA:113,1
DA:115,1
DA:128,1
DA:130,1
DA:132,1
DA:141,1
DA:143,4
DA:150,1
DA:152,2
DA:165,1
DA:167,1
DA:169,1
DA:171,1
DA:173,1
DA:175,0
LF:32
LH:31
BRDA:83,0,0,2
BRDA:83,0,1,2
BRF:2
BRH:2
end_of_record
TN:
SF:chains/solana/establishConnection.ts
FN:6,establishConnection
FNF:1
FNH:0
FNDA:0,establishConnection
DA:1,1
DA:6,1
DA:7,0
DA:8,0
DA:9,0
DA:11,0
DA:13,0
LF:7
LH:2
BRDA:6,0,0,0
BRF:1
BRH:0
end_of_record
TN:
SF:chains/solana/index.ts
FN:31,getTokenBalance
FN:46,(anonymous_9)
FN:73,getUSDCBalance
FN:86,getGasBalance
FN:100,newRandomAddress
FN:114,getAddressFromMnemonic
FN:125,isAddress
FN:146,parseUSDCTransaction
FNF:8
FNH:8
FNDA:4,getTokenBalance
FNDA:3,(anonymous_9)
FNDA:3,getUSDCBalance
FNDA:1,getGasBalance
FNDA:1,newRandomAddress
FNDA:3,getAddressFromMnemonic
FNDA:2,isAddress
FNDA:1,parseUSDCTransaction
DA:14,1
DA:16,1
DA:20,1
DA:22,1
DA:24,1
DA:31,1
DA:33,4
DA:35,4
DA:37,4
DA:44,4
DA:46,3
DA:48,3
DA:50,2
DA:73,1
DA:75,3
DA:86,1
DA:88,1
DA:100,1
DA:102,1
DA:104,1
DA:114,1
DA:116,3
DA:117,3
DA:119,3
DA:125,1
DA:127,2
DA:129,2
DA:131,1
DA:135,1
DA:146,1
DA:148,1
DA:150,0
DA:152,0
DA:154,0
LF:34
LH:31
BRDA:48,0,0,1
BRDA:48,0,1,2
BRF:2
BRH:2
end_of_record
TN:
SF:chains/solana/payment.ts
FN:33,(anonymous_7)
FN:41,(anonymous_8)
FN:47,(anonymous_9)
FN:49,(anonymous_10)
FN:53,(anonymous_11)
FN:55,(anonymous_12)
FN:63,(anonymous_13)
FN:66,(anonymous_14)
FN:76,(anonymous_15)
FN:96,(anonymous_16)
FN:100,(anonymous_17)
FN:102,(anonymous_18)
FN:126,(anonymous_19)
FN:128,(anonymous_20)
FN:130,(anonymous_21)
FN:134,(anonymous_22)
FN:146,(anonymous_23)
FNF:17
FNH:1
FNDA:1,(anonymous_7)
FNDA:0,(anonymous_8)
FNDA:0,(anonymous_9)
FNDA:0,(anonymous_10)
FNDA:0,(anonymous_11)
FNDA:0,(anonymous_12)
FNDA:0,(anonymous_13)
FNDA:0,(anonymous_14)
FNDA:0,(anonymous_15)
FNDA:0,(anonymous_16)
FNDA:0,(anonymous_17)
FNDA:0,(anonymous_18)
FNDA:0,(anonymous_19)
FNDA:0,(anonymous_20)
FNDA:0,(anonymous_21)
FNDA:0,(anonymous_22)
FNDA:0,(anonymous_23)
DA:2,1
DA:4,1
DA:6,1
DA:8,1
DA:10,1
DA:18,1
DA:19,1
DA:21,1
DA:26,1
DA:35,1
DA:37,1
DA:43,0
DA:49,0
DA:55,0
DA:56,0
DA:59,0
DA:66,0
DA:68,0
DA:70,0
DA:72,0
DA:74,0
DA:76,0
DA:77,0
DA:80,0
DA:82,0
DA:84,0
DA:86,0
DA:88,0
DA:92,0
DA:96,0
DA:102,0
DA:104,0
DA:106,0
DA:108,0
DA:110,0
DA:112,0
DA:114,0
DA:118,0
DA:128,0
DA:130,0
DA:132,0
DA:136,0
DA:142,0
DA:148,0
DA:150,0
DA:152,0
DA:154,0
DA:156,0
DA:158,0
LF:49
LH:11
BRDA:56,0,0,0
BRDA:56,0,1,0
BRDA:70,1,0,0
BRDA:70,1,1,0
BRDA:74,2,0,0
BRDA:74,2,1,0
BRDA:96,3,0,0
BRDA:96,3,1,0
BRDA:106,4,0,0
BRDA:106,4,1,0
BRDA:112,5,0,0
BRDA:112,5,1,0
BRDA:132,6,0,0
BRDA:132,6,1,0
BRF:14
BRH:0
end_of_record
TN:
SF:chains/stellar/index.ts
FN:29,getTokenBalance
FN:33,(anonymous_9)
FN:68,getUSDCBalance
FN:82,getGasBalance
FN:86,(anonymous_14)
FN:103,newRandomAddress
FN:113,getAddressFromMnemonic
FN:129,getKeypairFromMnemonic
FN:146,isAddress
FN:152,parseUSDCTransaction
FN:161,buildUSDCTransfer
FNF:11
FNH:10
FNDA:3,getTokenBalance
FNDA:1,(anonymous_9)
FNDA:3,getUSDCBalance
FNDA:1,getGasBalance
FNDA:2,(anonymous_14)
FNDA:1,newRandomAddress
FNDA:3,getAddressFromMnemonic
FNDA:1,getKeypairFromMnemonic
FNDA:1,isAddress
FNDA:0,parseUSDCTransaction
FNDA:1,buildUSDCTransfer
DA:12,1
DA:14,1
DA:16,1
DA:18,1
DA:20,1
DA:22,1
DA:29,1
DA:31,3
DA:33,1
DA:35,1
DA:39,1
DA:41,0
DA:45,1
DA:68,1
DA:70,3
DA:82,1
DA:84,1
DA:86,2
DA:88,1
DA:90,0
DA:94,1
DA:103,1
DA:105,1
DA:113,1
DA:115,3
DA:117,3
DA:119,3
DA:121,3
DA:123,3
DA:125,3
DA:129,1
DA:131,1
DA:133,1
DA:135,1
DA:137,1
DA:139,1
DA:146,1
DA:148,1
DA:152,1
DA:154,0
DA:156,0
DA:161,1
DA:172,1
DA:174,1
DA:178,1
DA:183,1
DA:188,0
DA:190,0
DA:210,0
DA:213,0
DA:215,0
LF:51
LH:42
BRDA:35,0,0,1
BRDA:35,0,1,1
BRDA:39,1,0,0
BRDA:39,1,1,1
BRDA:88,2,0,0
BRDA:88,2,1,1
BRF:6
BRH:4
end_of_record
TN:
SF:chains/tron/index.ts
FN:20,getTokenBalance
FN:48,getUSDCBalance
FN:61,getGasBalance
FN:73,getAddressFromMnemonic
FN:81,getKeypairFromMnemonic
FN:92,newRandomAddress
FN:100,isAddress
FN:115,buildUSDCTransfer
FNF:8
FNH:7
FNDA:3,getTokenBalance
FNDA:3,getUSDCBalance
FNDA:1,getGasBalance
FNDA:3,getAddressFromMnemonic
FNDA:0,getKeypairFromMnemonic
FNDA:1,newRandomAddress
FNDA:1,isAddress
FNDA:1,buildUSDCTransfer
DA:13,1
DA:20,1
DA:22,3
DA:24,3
DA:48,1
DA:50,3
DA:61,1
DA:63,1
DA:65,1
DA:73,1
DA:75,3
DA:77,3
DA:81,1
DA:83,0
DA:92,1
DA:94,1
DA:96,1
DA:100,1
DA:102,1
DA:115,1
DA:117,1
DA:124,0
DA:126,0
LF:23
LH:20
BRF:0
BRH:0
end_of_record
